<?xml version="1.0" encoding="UTF-8"?>
<testsuites>
    <testsuite name="force.apex" timestamp="2022-12-05T06:34:14.000Z" hostname="https://l4l--lflpartial.sandbox.my.salesforce.com" tests="32" failures="0"  errors="0"  time="157.55">
        <properties>
            <property name="outcome" value="Successful"/>
            <property name="testsRan" value="32"/>
            <property name="passing" value="32"/>
            <property name="failing" value="0"/>
            <property name="skipped" value="0"/>
            <property name="passRate" value="100%"/>
            <property name="failRate" value="0%"/>
            <property name="testStartTime" value="Mon Dec 05 2022 17:34:14"/>
            <property name="testExecutionTime" value="157.55 s"/>
            <property name="testTotalTime" value="157.55 s"/>
            <property name="commandTime" value="0.99 s"/>
            <property name="hostname" value="https://l4l--lflpartial.sandbox.my.salesforce.com"/>
            <property name="orgId" value="00D9n000000R9f7EAC"/>
            <property name="username" value="mikeb@lfl.hyper.lflpartial"/>
            <property name="testRunId" value="7079n00000FpmKZ"/>
            <property name="userId" value="0058t000000JCHzAAO"/>
            <property name="coveredLines" value="1757"/>
            <property name="testRunCoverage" value="50%"/>
            <property name="orgWideCoverage" value="38%"/>
        </properties>
        <testcase name="testCreateClientObjectivesByArray" classname="TestL4LController" time="5.19">
        </testcase>
        <testcase name="testCreateSessionObjectivesByArrayWithOrderedResults" classname="TestL4LController" time="4.78">
        </testcase>
        <testcase name="testDeleteSessionObjectives" classname="TestL4LController" time="4.68">
        </testcase>
        <testcase name="testGetClientObjectives" classname="TestL4LController" time="4.22">
        </testcase>
        <testcase name="testGetClientObjectivesForSession" classname="TestL4LController" time="4.75">
        </testcase>
        <testcase name="testGetUnusedObjectives" classname="TestL4LController" time="4.66">
        </testcase>
        <testcase name="testGetUnusedObjectivesBySearch" classname="TestL4LController" time="4.70">
        </testcase>
        <testcase name="testGetsessionObjectives" classname="TestL4LController" time="4.93">
        </testcase>
        <testcase name="testSetSessionObjectivesByArray" classname="TestL4LController" time="4.62">
        </testcase>
        <testcase name="testGetD3Stats" classname="TestL4LSessionStatsController" time="4.19">
        </testcase>
        <testcase name="testGetD3StatsByProgram" classname="TestL4LSessionStatsController" time="3.54">
        </testcase>
        <testcase name="testGetD3StatsByProgramAndSD" classname="TestL4LSessionStatsController" time="3.50">
        </testcase>
        <testcase name="testGetHighAndLowBoundaries" classname="TestL4LSessionStatsController" time="0.03">
        </testcase>
        <testcase name="testGetsessionObjectives" classname="TestL4LSessionStatsController" time="3.33">
        </testcase>
        <testcase name="testgenerateD3ProgramAreaSDJson" classname="TestL4LSessionStatsController" time="3.29">
        </testcase>
        <testcase name="testgenerateD3ProgramAreaSDJson2" classname="TestL4LSessionStatsController" time="3.67">
        </testcase>
        <testcase name="testgetClientObjectivesSDCount" classname="TestL4LSessionStatsController" time="3.49">
        </testcase>
        <testcase name="testgetD3SessionStatsHistogramData" classname="TestL4LSessionStatsController" time="3.45">
        </testcase>
        <testcase name="testgetProgramsAndSds" classname="TestL4LSessionStatsController" time="3.49">
        </testcase>
        <testcase name="Test" classname="TestL4LTimeSeries" time="5.46">
        </testcase>
        <testcase name="test" classname="TestL4LTimeSeriesScheduler" time="2.29">
        </testcase>
        <testcase name="test1" classname="TestLFLClientObjectiveHelper" time="8.63">
        </testcase>
        <testcase name="test1" classname="TestLFLInvocableMasteryStatistics" time="8.03">
        </testcase>
        <testcase name="test1" classname="TestLFLInvocableReportWizard" time="8.33">
        </testcase>
        <testcase name="test1" classname="TestLFLInvocableSessionStatistics" time="6.48">
        </testcase>
        <testcase name="test1" classname="TestLFLPopulateTestData" time="3.60">
        </testcase>
        <testcase name="testUpdateObjectiveStatus" classname="TestLFLProgramStatusCascadeUtil" time="7.87">
        </testcase>
        <testcase name="testUpdateSDStatus" classname="TestLFLProgramStatusCascadeUtil" time="6.29">
        </testcase>
        <testcase name="testTrg" classname="TestCascadeProgramStatusTrg" time="7.62">
        </testcase>
        <testcase name="testTrg" classname="TestCascadeSDStatusTrg" time="6.87">
        </testcase>
        <testcase name="testTrg" classname="TestDaysSinceUpdatedTrg" time="3.72">
        </testcase>
        <testcase name="testTrg" classname="TestLFLSessionStatsTrg" time="7.85">
        </testcase>
    </testsuite>
</testsuites>
