<?xml version="1.0" encoding="UTF-8"?>
<testsuites>
    <testsuite name="force.apex" timestamp="2022-10-26T01:01:42.000Z" hostname="https://ds969984--lflpartial.sandbox.my.salesforce.com" tests="9" failures="0"  errors="0"  time="22.96">
        <properties>
            <property name="outcome" value="Successful"/>
            <property name="testsRan" value="9"/>
            <property name="passing" value="9"/>
            <property name="failing" value="0"/>
            <property name="skipped" value="0"/>
            <property name="passRate" value="100%"/>
            <property name="failRate" value="0%"/>
            <property name="testStartTime" value="Wed Oct 26 2022 12:01:42"/>
            <property name="testExecutionTime" value="22.96 s"/>
            <property name="testTotalTime" value="22.96 s"/>
            <property name="commandTime" value="0.13 s"/>
            <property name="hostname" value="https://ds969984--lflpartial.sandbox.my.salesforce.com"/>
            <property name="orgId" value="00DBm000000A2dFMAS"/>
            <property name="username" value="mikeb@lfl.hyper.lflpartial"/>
            <property name="testRunId" value="707Bm000003jiy5"/>
            <property name="userId" value="0058t000000JCHzAAO"/>
            <property name="coveredLines" value="2988"/>
            <property name="testRunCoverage" value="92%"/>
            <property name="orgWideCoverage" value="91%"/>
        </properties>
        <testcase name="testCreateClientObjectivesByArray" classname="TestL4LController" time="3.46">
        </testcase>
        <testcase name="testCreateSessionObjectivesByArrayWithOrderedResults" classname="TestL4LController" time="2.42">
        </testcase>
        <testcase name="testDeleteSessionObjectives" classname="TestL4LController" time="2.62">
        </testcase>
        <testcase name="testGetClientObjectives" classname="TestL4LController" time="2.44">
        </testcase>
        <testcase name="testGetClientObjectivesForSession" classname="TestL4LController" time="2.60">
        </testcase>
        <testcase name="testGetUnusedObjectives" classname="TestL4LController" time="2.45">
        </testcase>
        <testcase name="testGetUnusedObjectivesBySearch" classname="TestL4LController" time="2.35">
        </testcase>
        <testcase name="testGetsessionObjectives" classname="TestL4LController" time="2.36">
        </testcase>
        <testcase name="testSetSessionObjectivesByArray" classname="TestL4LController" time="2.26">
        </testcase>
    </testsuite>
</testsuites>
