<?xml version="1.0" encoding="UTF-8" ?>
<testsuites>
    <testsuite
    name="force.apex"
    timestamp="2023-10-12T23:47:03.000Z"
    hostname="https://l4l--lflpartial.sandbox.my.salesforce.com"
    tests="77"
    failures="0"
    errors="0"
    time="248.01"
  >
        <properties>
            <property name="outcome" value="Successful" />
            <property name="testsRan" value="77" />
            <property name="passing" value="77" />
            <property name="failing" value="0" />
            <property name="skipped" value="0" />
            <property name="passRate" value="100%" />
            <property name="failRate" value="0%" />
            <property
        name="testStartTime"
        value="Fri Oct 13 2023 10:47:03 AM"
      />
            <property name="testExecutionTime" value="248.01 s" />
            <property name="testTotalTime" value="248.01 s" />
            <property name="commandTime" value="2.04 s" />
            <property
        name="hostname"
        value="https://l4l--lflpartial.sandbox.my.salesforce.com"
      />
            <property name="orgId" value="00D9n000000oX7FEAU" />
            <property name="username" value="mikeb@lfl.hyper.lflpartial" />
            <property name="testRunId" value="7079n00000dBZeA" />
            <property name="userId" value="0058t000000JCHzAAO" />
            <property name="coveredLines" value="3907" />
            <property name="testRunCoverage" value="68%" />
            <property name="orgWideCoverage" value="60%" />
        </properties>
        <testcase
      name="TestgetActiveCBOCList"
      classname="TestL4LController"
      time="4.26"
    >
        </testcase>
        <testcase
      name="testCreateClientBOCByArray"
      classname="TestL4LController"
      time="3.84"
    >
        </testcase>
        <testcase
      name="testCreateClientObjectivesByArray"
      classname="TestL4LController"
      time="3.91"
    >
        </testcase>
        <testcase
      name="testCreateSessionBOC"
      classname="TestL4LController"
      time="3.83"
    >
        </testcase>
        <testcase
      name="testCreateSessionBOCByArrayWithOrderedResults"
      classname="TestL4LController"
      time="3.91"
    >
        </testcase>
        <testcase
      name="testCreateSessionObjectivesByArrayWithOrderedResults"
      classname="TestL4LController"
      time="4.45"
    >
        </testcase>
        <testcase
      name="testDeactivateClientObjective"
      classname="TestL4LController"
      time="4.51"
    >
        </testcase>
        <testcase
      name="testDeleteSessionObjectives"
      classname="TestL4LController"
      time="4.45"
    >
        </testcase>
        <testcase
      name="testGetCOActivationSummary"
      classname="TestL4LController"
      time="4.72"
    >
        </testcase>
        <testcase
      name="testGetClientBOCFilteredOnActive"
      classname="TestL4LController"
      time="4.35"
    >
        </testcase>
        <testcase
      name="testGetClientBOCForSession"
      classname="TestL4LController"
      time="3.93"
    >
        </testcase>
        <testcase
      name="testGetClientObjectives"
      classname="TestL4LController"
      time="4.03"
    >
        </testcase>
        <testcase
      name="testGetClientObjectivesFilteredOnActive"
      classname="TestL4LController"
      time="5.05"
    >
        </testcase>
        <testcase
      name="testGetClientObjectivesForSession"
      classname="TestL4LController"
      time="4.07"
    >
        </testcase>
        <testcase
      name="testGetUnusedBOCBySearch"
      classname="TestL4LController"
      time="4.17"
    >
        </testcase>
        <testcase
      name="testGetUnusedObjectives"
      classname="TestL4LController"
      time="4.04"
    >
        </testcase>
        <testcase
      name="testGetUnusedObjectivesBySearch"
      classname="TestL4LController"
      time="3.76"
    >
        </testcase>
        <testcase
      name="testGetsessionBOC"
      classname="TestL4LController"
      time="3.77"
    >
        </testcase>
        <testcase
      name="testGetsessionObjectives"
      classname="TestL4LController"
      time="3.72"
    >
        </testcase>
        <testcase
      name="testSetClientObjectivesByArray"
      classname="TestL4LController"
      time="4.24"
    >
        </testcase>
        <testcase
      name="testSetSessionBOCByArray"
      classname="TestL4LController"
      time="3.86"
    >
        </testcase>
        <testcase
      name="testSetSessionObjectivesByArray"
      classname="TestL4LController"
      time="3.63"
    >
        </testcase>
        <testcase
      name="testUpdateSessionObjectiveWithComment"
      classname="TestL4LController"
      time="4.30"
    >
        </testcase>
        <testcase
      name="testUpdateSessionObjectiveWithLG"
      classname="TestL4LController"
      time="4.24"
    >
        </testcase>
        <testcase
      name="test2generateD3ProgramAreaSDJson"
      classname="TestL4LSessionStatsController"
      time="5.35"
    >
        </testcase>
        <testcase
      name="testGetClientObjectivesByProgram"
      classname="TestL4LSessionStatsController"
      time="2.10"
    >
        </testcase>
        <testcase
      name="testGetD3Stats"
      classname="TestL4LSessionStatsController"
      time="2.22"
    >
        </testcase>
        <testcase
      name="testGetD3StatsByProgram"
      classname="TestL4LSessionStatsController"
      time="2.31"
    >
        </testcase>
        <testcase
      name="testGetD3StatsByProgramAndSD"
      classname="TestL4LSessionStatsController"
      time="2.12"
    >
        </testcase>
        <testcase
      name="testGetHighAndLowBoundaries"
      classname="TestL4LSessionStatsController"
      time="0.05"
    >
        </testcase>
        <testcase
      name="testGetsessionObjectives"
      classname="TestL4LSessionStatsController"
      time="1.98"
    >
        </testcase>
        <testcase
      name="testgenerateD3AreaSDJson"
      classname="TestL4LSessionStatsController"
      time="2.14"
    >
        </testcase>
        <testcase
      name="testgenerateD3BOCJson"
      classname="TestL4LSessionStatsController"
      time="2.15"
    >
        </testcase>
        <testcase
      name="testgenerateD3ProgramAreaSDJson"
      classname="TestL4LSessionStatsController"
      time="2.24"
    >
        </testcase>
        <testcase
      name="testgetClientObjectivesSDCount"
      classname="TestL4LSessionStatsController"
      time="2.02"
    >
        </testcase>
        <testcase
      name="testgetD3RetestYAxisScale"
      classname="TestL4LSessionStatsController"
      time="2.05"
    >
        </testcase>
        <testcase
      name="testgetD3SessionStatsHistogramData"
      classname="TestL4LSessionStatsController"
      time="2.06"
    >
        </testcase>
        <testcase
      name="testgetD3StatusYAxisScale"
      classname="TestL4LSessionStatsController"
      time="2.07"
    >
        </testcase>
        <testcase
      name="testgetD3YAxisScale"
      classname="TestL4LSessionStatsController"
      time="2.44"
    >
        </testcase>
        <testcase
      name="testgetProgramSetFromCO"
      classname="TestL4LSessionStatsController"
      time="2.56"
    >
        </testcase>
        <testcase
      name="testgetProgramsAndSds"
      classname="TestL4LSessionStatsController"
      time="2.54"
    >
        </testcase>
        <testcase
      name="testgetSDSetFromCO"
      classname="TestL4LSessionStatsController"
      time="2.38"
    >
        </testcase>
        <testcase
      name="testRemoveDuplicates"
      classname="TestL4LSDStageMap"
      time="3.62"
    >
        </testcase>
        <testcase name="testUtil" classname="TestLFLUtil" time="0.02">
        </testcase>
        <testcase
      name="testcomparison"
      classname="TestLFLSDWrapper"
      time="0.02"
    >
        </testcase>
        <testcase
      name="TestGenerateD3CORetestTimeSeriesJson"
      classname="TestL4LTimeSeries"
      time="5.35"
    >
        </testcase>
        <testcase
      name="TestGenerateD3COTimeSeriesByStatusJson"
      classname="TestL4LTimeSeries"
      time="2.23"
    >
        </testcase>
        <testcase
      name="tesGenerateD3COTimeSeriesJson"
      classname="TestL4LTimeSeries"
      time="2.35"
    >
        </testcase>
        <testcase
      name="testGenerateD3COTSJsonByProgramAndSD"
      classname="TestL4LTimeSeries"
      time="2.45"
    >
        </testcase>
        <testcase
      name="testGenerateD3COTSThresholdJson"
      classname="TestL4LTimeSeries"
      time="2.20"
    >
        </testcase>
        <testcase
      name="testLoadCOTimeSeries"
      classname="TestL4LTimeSeries"
      time="2.15"
    >
        </testcase>
        <testcase
      name="test"
      classname="TestL4LTimeSeriesScheduler"
      time="0.25"
    >
        </testcase>
        <testcase
      name="testGetStatusCountsBetweenDates"
      classname="TestLFLClientObjectiveHelper"
      time="3.56"
    >
        </testcase>
        <testcase
      name="testComputeMasteryStats"
      classname="TestLFLInvocableMasteryStatistics"
      time="5.07"
    >
        </testcase>
        <testcase
      name="testGetStatusCountsBetweenDates"
      classname="TestLFLInvocableReportWizard"
      time="5.35"
    >
        </testcase>
        <testcase
      name="testComputeSessionStats"
      classname="TestLFLInvocableSessionStatistics"
      time="5.37"
    >
        </testcase>
        <testcase
      name="testLoad"
      classname="TestLFLPopulateTestData"
      time="5.64"
    >
        </testcase>
        <testcase
      name="testUpdateObjectiveStatus"
      classname="TestLFLProgramStatusCascadeUtil"
      time="5.40"
    >
        </testcase>
        <testcase
      name="testUpdateSDStatus"
      classname="TestLFLProgramStatusCascadeUtil"
      time="2.23"
    >
        </testcase>
        <testcase
      name="testTrg"
      classname="TestCascadeProgramStatusTrg"
      time="5.83"
    >
        </testcase>
        <testcase name="testTrg" classname="TestCascadeSDStatusTrg" time="4.29">
        </testcase>
        <testcase
      name="testTrg"
      classname="TestDaysSinceUpdatedTrg"
      time="5.77"
    >
        </testcase>
        <testcase name="testTrg" classname="TestLFLSessionStatsTrg" time="3.55">
        </testcase>
        <testcase
      name="testGetClientObjectives"
      classname="TestClientObjectiveList"
      time="5.66"
    >
        </testcase>
        <testcase
      name="testnebula"
      classname="TestL4LNebulaComponentController"
      time="4.16"
    >
        </testcase>
        <testcase
      name="test1"
      classname="TestL4LExceptionRateCalculation"
      time="0.02"
    >
        </testcase>
        <testcase
      name="test1"
      classname="TestL4LExceptionClientObjectiveMissing"
      time="0.02"
    >
        </testcase>
        <testcase
      name="testDuplicateObjectivePrevention"
      classname="TestTrgUniqueObjectivePerClientObjective"
      time="4.17"
    >
        </testcase>
        <testcase
      name="testbatch"
      classname="TestLFLTimeSeriesBatch"
      time="3.92"
    >
        </testcase>
        <testcase
      name="test"
      classname="TestLFLTimeSeriesBatchScheduler"
      time="0.42"
    >
        </testcase>
        <testcase
      name="testGetAcquisitionRate"
      classname="TestLFLDTDRates"
      time="2.41"
    >
        </testcase>
        <testcase
      name="testGetAcquisitionRateByDates"
      classname="TestLFLDTDRates"
      time="2.44"
    >
        </testcase>
        <testcase
      name="testGetAcquisitionRateForClientTurbo"
      classname="TestLFLDTDRates"
      time="2.23"
    >
        </testcase>
        <testcase
      name="testGetDTDRateArray"
      classname="TestLFLDTDRateMaster"
      time="3.76"
    >
        </testcase>
        <testcase
      name="testInternalClass"
      classname="TestLFLDTDRateMaster"
      time="0.01"
    >
        </testcase>
        <testcase
      name="test1"
      classname="TestLFLInvocableListUnusedObj"
      time="2.29"
    >
        </testcase>
        <testcase
      name="testGetSDUsage"
      classname="TestL4LStagesByArea"
      time="3.99"
    >
        </testcase>
    </testsuite>
</testsuites>
